
=== Wed Dec 26 09:26:17 2018

Packages were changed.
Update Mode: updateDependencies

The following packages were added:
  com.unity.collab-proxy@1.2.15
The following packages were updated:
  com.unity.ads from version 2.0.8 to 2.3.1
  com.unity.analytics from version 2.0.16 to 3.2.2
  com.unity.package-manager-ui from version 1.9.11 to 2.0.3
  com.unity.textmeshpro from version 1.2.4 to 1.3.0

=== Thu Apr 11 05:03:00 2019

Packages were changed.
Update Mode: updateDependencies

The following packages were updated:
  com.unity.package-manager-ui from version 2.0.3 to 2.0.7

=== Wed Apr 17 11:30:39 2019

Packages were changed.
Update Mode: updateDependencies

The following packages were added:
  com.unity.timeline@1.0.0
  com.unity.multiplayer-hlapi@1.0.2
  com.unity.xr.legacyinputhelpers@2.0.2
The following packages were updated:
  com.unity.analytics from version 3.2.2 to 3.3.2
  com.unity.package-manager-ui from version 2.0.7 to 2.1.2
  com.unity.textmeshpro from version 1.3.0 to 2.0.0

=== Tue Jul 30 17:22:23 2019

Packages were changed.
Update Mode: updateDependencies

The following packages were added:
  com.unity.2d.tilemap@1.0.0
  com.unity.ext.nunit@1.0.0
  com.unity.test-framework@1.0.13
  com.unity.2d.sprite@1.0.0
  com.unity.ide.vscode@1.0.7
  com.unity.ide.rider@1.0.8
  com.unity.ugui@1.0.0
  com.unity.modules.androidjni@1.0.0
The following packages were updated:
  com.unity.package-manager-ui from version 2.1.2 to 2.2.0
  com.unity.render-pipelines.lightweight from version 5.7.2 to 6.9.0

=== Fri Oct 11 07:32:02 2019

Packages were changed.
Update Mode: updateDependencies

The following packages were updated:
  com.unity.burst from version 1.1.1 to 1.1.2
  com.unity.ide.rider from version 1.0.8 to 1.1.0
  com.unity.ide.vscode from version 1.0.7 to 1.1.2

=== Sun Dec  1 21:47:58 2019

Packages were changed.
Update Mode: updateDependencies

The following packages were updated:
  com.unity.ide.vscode from version 1.1.2 to 1.1.3
  com.unity.render-pipelines.lightweight from version 6.9.0 to 7.1.5
  com.unity.test-framework from version 1.0.13 to 1.1.3
  com.unity.xr.oculus.standalone from version 1.36.0 to 1.38.3
The following packages were removed:
  com.unity.package-manager-ui@2.2.0

=== Sun Jan 19 01:32:15 2020

Packages were changed.
Update Mode: updateDependencies

The following packages were updated:
  com.unity.render-pipelines.universal from version 7.1.6 to 7.1.7

=== Tue Jan 28 12:55:10 2020

Packages were changed.
Update Mode: updateDependencies

The following packages were updated:
  com.unity.ide.vscode from version 1.1.3 to 1.1.4
  com.unity.render-pipelines.universal from version 7.1.7 to 7.1.8

=== Mon Feb 17 00:54:44 2020

Packages were changed.
Update Mode: updateDependencies

The following packages were updated:
  com.unity.burst from version 1.1.2 to 1.2.0
  com.unity.ide.vscode from version 1.1.2 to 1.1.4

=== Sat Feb 22 18:11:46 2020

Packages were changed.
Update Mode: updateDependencies

The following packages were updated:
  com.unity.ide.vscode from version 1.1.2 to 1.1.4

=== Wed Mar  4 12:12:41 2020

Packages were changed.
Update Mode: updateDependencies

The following packages were updated:
  com.unity.ide.vscode from version 1.1.2 to 1.1.4

=== Thu Jul 16 19:51:54 2020

Packages were changed.
Update Mode: updateDependencies

The following packages were updated:
  com.unity.ide.vscode from version 1.1.4 to 1.2.1
  com.unity.render-pipelines.universal from version 7.1.8 to 7.3.1

=== Wed Aug  5 21:54:31 2020

Packages were changed.
Update Mode: updateDependencies

The following packages were added:
  com.unity.ide.visualstudio@2.0.2
The following packages were updated:
  com.unity.inputsystem from version 1.0.0-preview.4 to 1.0.0
  com.unity.render-pipelines.universal from version 7.3.1 to 8.2.0
  com.unity.textmeshpro from version 2.0.1 to 3.0.0-preview.1
The following packages were removed:
  com.unity.xr.oculus.standalone@2.38.4

=== Thu Aug 13 17:16:14 2020

Packages were changed.
Update Mode: updateDependencies

The following packages were updated:
  com.unity.textmeshpro from version 3.0.0-preview.1 to 3.0.1

=== Mon Aug 24 07:17:43 2020

Packages were changed.
Update Mode: updateDependencies

The following packages were updated:
  com.unity.ide.vscode from version 1.1.2 to 1.2.1
